02/05/2024 22:42:20  INFO EntradaServlet:50 - Idioma por defecto: es
02/05/2024 22:42:20  INFO EntradaServlet:62 - Carrito disponible
02/05/2024 22:44:40  INFO EntradaServlet:50 - Idioma por defecto: es
02/05/2024 22:44:40  INFO EntradaServlet:62 - Carrito disponible
02/05/2024 22:44:52  INFO LoginServlet:81 - Usuario empleado1@empleado1.com ha iniciado sesión
02/05/2024 22:45:06  INFO EntradaServlet:50 - Idioma por defecto: es
02/05/2024 22:45:06  INFO EntradaServlet:62 - Carrito disponible
02/05/2024 22:45:12  INFO LoginServlet:81 - Usuario cliente1@cliente1.com ha iniciado sesión
02/05/2024 23:08:40  INFO EntradaServlet:50 - Idioma por defecto: es
02/05/2024 23:08:40  INFO EntradaServlet:62 - Carrito disponible
02/05/2024 23:08:53  WARN LoginServlet:85 - Intento de inicio de sesión fallido con email cliente2@cliente2.com
02/05/2024 23:08:59  WARN LoginServlet:85 - Intento de inicio de sesión fallido con email cliente2@cliente2.com
02/05/2024 23:09:08  WARN LoginServlet:85 - Intento de inicio de sesión fallido con email cliente2@cliente2.com
02/05/2024 23:09:20  INFO LoginServlet:81 - Usuario cliente1@cliente1.com ha iniciado sesión
02/05/2024 23:10:04  INFO EntradaServlet:53 - Idioma: es
02/05/2024 23:10:10  INFO LoginServlet:81 - Usuario cliente1@cliente1.com ha iniciado sesión
02/05/2024 23:11:32  INFO EntradaServlet:53 - Idioma: es
02/05/2024 23:11:36  INFO EntradaServlet:53 - Idioma: es
02/05/2024 23:11:36  INFO EntradaServlet:53 - Idioma: es
02/05/2024 23:11:46  INFO LoginServlet:81 - Usuario cliente1@cliente1.com ha iniciado sesión
02/05/2024 23:29:54  INFO EntradaServlet:53 - Idioma: es
02/05/2024 23:30:02  INFO LoginServlet:81 - Usuario cliente1@cliente1.com ha iniciado sesión
02/05/2024 23:31:34  INFO EntradaServlet:53 - Idioma: es
02/05/2024 23:31:40  INFO LoginServlet:81 - Usuario cliente1@cliente1.com ha iniciado sesión
02/05/2024 23:33:33  INFO EntradaServlet:53 - Idioma: es
02/05/2024 23:33:39  INFO EntradaServlet:53 - Idioma: es
02/05/2024 23:33:44  INFO LoginServlet:81 - Usuario cliente1@cliente1.com ha iniciado sesión
02/05/2024 23:52:59  INFO EntradaServlet:53 - Idioma: es
02/05/2024 23:53:04  INFO EntradaServlet:53 - Idioma: es
02/05/2024 23:53:05  INFO EntradaServlet:53 - Idioma: es
02/05/2024 23:53:12  INFO LoginServlet:81 - Usuario cliente1@cliente1.com ha iniciado sesión
03/05/2024 00:02:39  INFO EntradaServlet:53 - Idioma: es
03/05/2024 00:03:04  INFO EntradaServlet:53 - Idioma: es
03/05/2024 00:03:27  INFO LoginServlet:81 - Usuario cliente1@cliente1.com ha iniciado sesión
03/05/2024 00:06:00  INFO EntradaServlet:53 - Idioma: es
03/05/2024 00:06:10  INFO EntradaServlet:53 - Idioma: es
03/05/2024 00:06:19  WARN LoginServlet:85 - Intento de inicio de sesión fallido con email cliente1@cliente1.com
03/05/2024 00:06:23  INFO LoginServlet:81 - Usuario cliente1@cliente1.com ha iniciado sesión
03/05/2024 00:07:45  INFO EntradaServlet:53 - Idioma: es
03/05/2024 00:07:46  INFO EntradaServlet:53 - Idioma: es
03/05/2024 00:07:46  INFO EntradaServlet:53 - Idioma: es
03/05/2024 00:07:48  INFO EntradaServlet:50 - Idioma por defecto: es
03/05/2024 00:07:48  INFO EntradaServlet:62 - Carrito disponible
03/05/2024 00:07:53  INFO EntradaServlet:53 - Idioma: es
03/05/2024 00:07:59  WARN LoginServlet:85 - Intento de inicio de sesión fallido con email cliente1@cliente1.com
03/05/2024 00:08:04  INFO LoginServlet:81 - Usuario cliente1@cliente1.com ha iniciado sesión
03/05/2024 00:14:31  INFO EntradaServlet:53 - Idioma: es
03/05/2024 00:14:36  INFO LoginServlet:81 - Usuario cliente1@cliente1.com ha iniciado sesión
03/05/2024 00:19:50  INFO EntradaServlet:53 - Idioma: es
03/05/2024 00:19:56  INFO LoginServlet:81 - Usuario cliente1@cliente1.com ha iniciado sesión
03/05/2024 00:23:06  INFO EntradaServlet:53 - Idioma: es
03/05/2024 00:23:11  INFO LoginServlet:81 - Usuario cliente1@cliente1.com ha iniciado sesión
03/05/2024 00:28:21  INFO EntradaServlet:53 - Idioma: es
03/05/2024 00:28:27  INFO LoginServlet:81 - Usuario cliente1@cliente1.com ha iniciado sesión
03/05/2024 00:29:23  INFO EntradaServlet:53 - Idioma: es
03/05/2024 00:29:28  INFO LoginServlet:81 - Usuario cliente1@cliente1.com ha iniciado sesión
03/05/2024 00:32:14  INFO EntradaServlet:53 - Idioma: es
03/05/2024 00:32:22  INFO LoginServlet:81 - Usuario cliente1@cliente1.com ha iniciado sesión
03/05/2024 00:34:18  INFO EntradaServlet:53 - Idioma: es
03/05/2024 00:34:24  INFO LoginServlet:81 - Usuario cliente1@cliente1.com ha iniciado sesión
03/05/2024 00:41:04  INFO EntradaServlet:53 - Idioma: es
03/05/2024 00:41:07  INFO LoginServlet:81 - Usuario cliente1@cliente1.com ha iniciado sesión
03/05/2024 00:44:35  INFO EntradaServlet:53 - Idioma: es
03/05/2024 00:44:42  INFO LoginServlet:81 - Usuario cliente1@cliente1.com ha iniciado sesión
03/05/2024 00:45:20  INFO EntradaServlet:53 - Idioma: es
03/05/2024 00:45:26  INFO LoginServlet:81 - Usuario cliente1@cliente1.com ha iniciado sesión
03/05/2024 00:46:13  INFO EntradaServlet:53 - Idioma: es
03/05/2024 00:46:17  INFO LoginServlet:81 - Usuario cliente1@cliente1.com ha iniciado sesión
03/05/2024 00:46:50  INFO EntradaServlet:53 - Idioma: es
03/05/2024 00:46:59  INFO LoginServlet:81 - Usuario cliente1@cliente1.com ha iniciado sesión
03/05/2024 00:47:19  INFO EntradaServlet:53 - Idioma: es
03/05/2024 00:47:22  INFO EntradaServlet:53 - Idioma: es
03/05/2024 00:47:26  INFO LoginServlet:81 - Usuario cliente1@cliente1.com ha iniciado sesión
03/05/2024 00:47:53  INFO EntradaServlet:53 - Idioma: es
03/05/2024 00:47:57  INFO LoginServlet:81 - Usuario cliente1@cliente1.com ha iniciado sesión
03/05/2024 00:48:53  INFO EntradaServlet:53 - Idioma: es
03/05/2024 00:48:57  INFO LoginServlet:81 - Usuario cliente1@cliente1.com ha iniciado sesión
03/05/2024 00:49:24  INFO EntradaServlet:53 - Idioma: es
03/05/2024 00:49:29  INFO LoginServlet:81 - Usuario cliente1@cliente1.com ha iniciado sesión
03/05/2024 00:50:20  INFO EntradaServlet:53 - Idioma: es
03/05/2024 00:50:36  INFO EntradaServlet:53 - Idioma: es
03/05/2024 00:50:40  INFO LoginServlet:81 - Usuario cliente1@cliente1.com ha iniciado sesión
03/05/2024 00:51:23  INFO EntradaServlet:53 - Idioma: es
03/05/2024 00:51:27  INFO LoginServlet:81 - Usuario cliente1@cliente1.com ha iniciado sesión
03/05/2024 00:52:05  INFO EntradaServlet:53 - Idioma: es
03/05/2024 00:52:09  INFO LoginServlet:81 - Usuario cliente1@cliente1.com ha iniciado sesión
03/05/2024 00:52:48  INFO EntradaServlet:53 - Idioma: es
03/05/2024 00:52:52  INFO LoginServlet:81 - Usuario cliente1@cliente1.com ha iniciado sesión
03/05/2024 00:56:30  INFO EntradaServlet:53 - Idioma: es
03/05/2024 00:56:34  INFO EntradaServlet:53 - Idioma: es
03/05/2024 00:56:38  INFO LoginServlet:81 - Usuario cliente1@cliente1.com ha iniciado sesión
03/05/2024 00:58:05  INFO EntradaServlet:53 - Idioma: es
03/05/2024 00:58:10  INFO LoginServlet:81 - Usuario cliente1@cliente1.com ha iniciado sesión
